This file contains any messages produced by compilers while
running configure, to aid debugging if configure makes a mistake.

It was created by remote-debugger configure 1.0, which was
generated by GNU Autoconf 2.71.  Invocation command line was

  $ ./configure

## --------- ##
## Platform. ##
## --------- ##

hostname = runnervmeorf1
uname -m = x86_64
uname -r = 6.17.0-1010-azure
uname -s = Linux
uname -v = #10~24.04.1-Ubuntu SMP Fri Mar  6 22:00:57 UTC 2026

/usr/bin/uname -p = x86_64
/bin/uname -X     = unknown

/bin/arch              = x86_64
/usr/bin/arch -k       = unknown
/usr/convex/getsysinfo = unknown
/usr/bin/hostinfo      = unknown
/bin/machine           = unknown
/usr/bin/oslevel       = unknown
/bin/universe          = unknown

PATH: /snap/bin/
PATH: /home/runner/.local/bin/
PATH: /opt/pipx_bin/
PATH: /home/runner/.cargo/bin/
PATH: /home/runner/.config/composer/vendor/bin/
PATH: /usr/local/.ghcup/bin/
PATH: /home/runner/.dotnet/tools/
PATH: /usr/local/sbin/
PATH: /usr/local/bin/
PATH: /usr/sbin/
PATH: /usr/bin/
PATH: /sbin/
PATH: /bin/
PATH: /usr/games/
PATH: /usr/local/games/
PATH: /snap/bin/


## ----------- ##
## Core tests. ##
## ----------- ##

configure:2795: looking for aux files: compile config.guess config.sub ltmain.sh missing install-sh
configure:2808:  trying ./
configure:2837:   ./compile found
configure:2837:   ./config.guess found
configure:2837:   ./config.sub found
configure:2837:   ./ltmain.sh found
configure:2837:   ./missing found
configure:2819:   ./install-sh found
configure:2966: checking for a BSD-compatible install
configure:3039: result: /usr/bin/install -c
configure:3050: checking whether build environment is sane
configure:3105: result: yes
configure:3264: checking for a race-free mkdir -p
configure:3308: result: /usr/bin/mkdir -p
configure:3315: checking for gawk
configure:3336: found /usr/bin/gawk
configure:3347: result: gawk
configure:3358: checking whether make sets $(MAKE)
configure:3381: result: yes
configure:3411: checking whether make supports nested variables
configure:3429: result: yes
configure:3597: checking build system type
configure:3612: result: x86_64-pc-linux-gnu
configure:3632: checking host system type
configure:3646: result: x86_64-pc-linux-gnu
configure:3687: checking how to print strings
configure:3714: result: printf
configure:3748: checking whether make supports the include directive
configure:3763: make -f confmf.GNU && cat confinc.out
this is the am__doit target
configure:3766: $? = 0
configure:3785: result: yes (GNU style)
configure:3861: checking for gcc
configure:3882: found /usr/bin/gcc
configure:3893: result: gcc
configure:4246: checking for C compiler version
configure:4255: gcc --version >&5
gcc (Ubuntu 13.3.0-6ubuntu2~24.04.1) 13.3.0
Copyright (C) 2023 Free Software Foundation, Inc.
This is free software; see the source for copying conditions.  There is NO
warranty; not even for MERCHANTABILITY or FITNESS FOR A PARTICULAR PURPOSE.

configure:4266: $? = 0
configure:4255: gcc -v >&5
Using built-in specs.
COLLECT_GCC=gcc
COLLECT_LTO_WRAPPER=/usr/libexec/gcc/x86_64-linux-gnu/13/lto-wrapper
OFFLOAD_TARGET_NAMES=nvptx-none:amdgcn-amdhsa
OFFLOAD_TARGET_DEFAULT=1
Target: x86_64-linux-gnu
Configured with: ../src/configure -v --with-pkgversion='Ubuntu 13.3.0-6ubuntu2~24.04.1' --with-bugurl=file:///usr/share/doc/gcc-13/README.Bugs --enable-languages=c,ada,c++,go,d,fortran,objc,obj-c++,m2 --prefix=/usr --with-gcc-major-version-only --program-suffix=-13 --program-prefix=x86_64-linux-gnu- --enable-shared --enable-linker-build-id --libexecdir=/usr/libexec --without-included-gettext --enable-threads=posix --libdir=/usr/lib --enable-nls --enable-bootstrap --enable-clocale=gnu --enable-libstdcxx-debug --enable-libstdcxx-time=yes --with-default-libstdcxx-abi=new --enable-libstdcxx-backtrace --enable-gnu-unique-object --disable-vtable-verify --enable-plugin --enable-default-pie --with-system-zlib --enable-libphobos-checking=release --with-target-system-zlib=auto --enable-objc-gc=auto --enable-multiarch --disable-werror --enable-cet --with-arch-32=i686 --with-abi=m64 --with-multilib-list=m32,m64,mx32 --enable-multilib --with-tune=generic --enable-offload-targets=nvptx-none=/build/gcc-13-EldibY/gcc-13-13.3.0/debian/tmp-nvptx/usr,amdgcn-amdhsa=/build/gcc-13-EldibY/gcc-13-13.3.0/debian/tmp-gcn/usr --enable-offload-defaulted --without-cuda-driver --enable-checking=release --build=x86_64-linux-gnu --host=x86_64-linux-gnu --target=x86_64-linux-gnu --with-build-config=bootstrap-lto-lean --enable-link-serialization=2
Thread model: posix
Supported LTO compression algorithms: zlib zstd
gcc version 13.3.0 (Ubuntu 13.3.0-6ubuntu2~24.04.1) 
... rest of stderr output deleted ...
configure:4266: $? = 0
configure:4255: gcc -V >&5
gcc: error: unrecognized command-line option '-V'
gcc: fatal error: no input files
compilation terminated.
configure:4266: $? = 1
configure:4255: gcc -qversion >&5
gcc: error: unrecognized command-line option '-qversion'; did you mean '--version'?
gcc: fatal error: no input files
compilation terminated.
configure:4266: $? = 1
configure:4255: gcc -version >&5
gcc: error: unrecognized command-line option '-version'
gcc: fatal error: no input files
compilation terminated.
configure:4266: $? = 1
configure:4286: checking whether the C compiler works
configure:4308: gcc    conftest.c  >&5
configure:4312: $? = 0
configure:4362: result: yes
configure:4365: checking for C compiler default output file name
configure:4367: result: a.out
configure:4373: checking for suffix of executables
configure:4380: gcc -o conftest    conftest.c  >&5
configure:4384: $? = 0
configure:4407: result: 
configure:4429: checking whether we are cross compiling
configure:4437: gcc -o conftest    conftest.c  >&5
configure:4441: $? = 0
configure:4448: ./conftest
configure:4452: $? = 0
configure:4467: result: no
configure:4472: checking for suffix of object files
configure:4495: gcc -c   conftest.c >&5
configure:4499: $? = 0
configure:4521: result: o
configure:4525: checking whether the compiler supports GNU C
configure:4545: gcc -c   conftest.c >&5
configure:4545: $? = 0
configure:4555: result: yes
configure:4566: checking whether gcc accepts -g
configure:4587: gcc -c -g  conftest.c >&5
configure:4587: $? = 0
configure:4631: result: yes
configure:4651: checking for gcc option to enable C11 features
configure:4666: gcc  -c -g -O2  conftest.c >&5
configure:4666: $? = 0
configure:4684: result: none needed
configure:4800: checking whether gcc understands -c and -o together
configure:4823: gcc -c conftest.c -o conftest2.o
configure:4826: $? = 0
configure:4823: gcc -c conftest.c -o conftest2.o
configure:4826: $? = 0
configure:4838: result: yes
configure:4857: checking dependency style of gcc
configure:4969: result: gcc3
configure:4984: checking for a sed that does not truncate output
configure:5054: result: /usr/bin/sed
configure:5072: checking for grep that handles long lines and -e
configure:5136: result: /usr/bin/grep
configure:5141: checking for egrep
configure:5209: result: /usr/bin/grep -E
configure:5214: checking for fgrep
configure:5282: result: /usr/bin/grep -F
configure:5318: checking for ld used by gcc
configure:5386: result: /usr/bin/ld
configure:5393: checking if the linker (/usr/bin/ld) is GNU ld
configure:5409: result: yes
configure:5421: checking for BSD- or MS-compatible name lister (nm)
configure:5476: result: /usr/bin/nm -B
configure:5616: checking the name lister (/usr/bin/nm -B) interface
configure:5624: gcc -c -g -O2  conftest.c >&5
configure:5627: /usr/bin/nm -B "conftest.o"
configure:5630: output
0000000000000000 B some_variable
configure:5637: result: BSD nm
configure:5640: checking whether ln -s works
configure:5644: result: yes
configure:5652: checking the maximum length of command line arguments
configure:5784: result: 3145728
configure:5832: checking how to convert x86_64-pc-linux-gnu file names to x86_64-pc-linux-gnu format
configure:5873: result: func_convert_file_noop
configure:5880: checking how to convert x86_64-pc-linux-gnu file names to toolchain format
configure:5901: result: func_convert_file_noop
configure:5908: checking for /usr/bin/ld option to reload object files
configure:5916: result: -r
configure:5995: checking for file
configure:6016: found /usr/bin/file
configure:6027: result: file
configure:6103: checking for objdump
configure:6124: found /usr/bin/objdump
configure:6135: result: objdump
configure:6167: checking how to recognize dependent libraries
configure:6368: result: pass_all
configure:6458: checking for dlltool
configure:6493: result: no
configure:6523: checking how to associate runtime and link libraries
configure:6551: result: printf %s\n
configure:6617: checking for ar
configure:6638: found /usr/bin/ar
configure:6649: result: ar
configure:6702: checking for archiver @FILE support
configure:6720: gcc -c -g -O2  conftest.c >&5
configure:6720: $? = 0
configure:6724: ar cr libconftest.a @conftest.lst >&5
configure:6727: $? = 0
configure:6732: ar cr libconftest.a @conftest.lst >&5
ar: conftest.o: No such file or directory
configure:6735: $? = 1
configure:6747: result: @
configure:6810: checking for strip
configure:6831: found /usr/bin/strip
configure:6842: result: strip
configure:6919: checking for ranlib
configure:6940: found /usr/bin/ranlib
configure:6951: result: ranlib
configure:7053: checking command to parse /usr/bin/nm -B output from gcc object
configure:7207: gcc -c -g -O2  conftest.c >&5
configure:7210: $? = 0
configure:7214: /usr/bin/nm -B conftest.o | /usr/bin/sed -n -e 's/^.*[	 ]\([ABCDGIRSTW][ABCDGIRSTW]*\)[	 ][	 ]*\([_A-Za-z][_A-Za-z0-9]*\)$/\1 \2 \2/p' | /usr/bin/sed '/ __gnu_lto/d' > conftest.nm
configure:7280: gcc -o conftest -g -O2   conftest.c conftstm.o >&5
configure:7283: $? = 0
configure:7321: result: ok
configure:7368: checking for sysroot
configure:7399: result: no
configure:7406: checking for a working dd
configure:7450: result: /usr/bin/dd
configure:7454: checking how to truncate binary pipes
configure:7470: result: /usr/bin/dd bs=4096 count=1
configure:7607: gcc -c -g -O2  conftest.c >&5
configure:7610: $? = 0
configure:7807: checking for mt
configure:7828: found /usr/bin/mt
configure:7839: result: mt
configure:7862: checking if mt is a manifest tool
configure:7869: mt '-?'
configure:7877: result: no
configure:8602: checking for stdio.h
configure:8602: gcc -c -g -O2  conftest.c >&5
configure:8602: $? = 0
configure:8602: result: yes
configure:8602: checking for stdlib.h
configure:8602: gcc -c -g -O2  conftest.c >&5
configure:8602: $? = 0
configure:8602: result: yes
configure:8602: checking for string.h
configure:8602: gcc -c -g -O2  conftest.c >&5
configure:8602: $? = 0
configure:8602: result: yes
configure:8602: checking for inttypes.h
configure:8602: gcc -c -g -O2  conftest.c >&5
configure:8602: $? = 0
configure:8602: result: yes
configure:8602: checking for stdint.h
configure:8602: gcc -c -g -O2  conftest.c >&5
configure:8602: $? = 0
configure:8602: result: yes
configure:8602: checking for strings.h
configure:8602: gcc -c -g -O2  conftest.c >&5
configure:8602: $? = 0
configure:8602: result: yes
configure:8602: checking for sys/stat.h
configure:8602: gcc -c -g -O2  conftest.c >&5
configure:8602: $? = 0
configure:8602: result: yes
configure:8602: checking for sys/types.h
configure:8602: gcc -c -g -O2  conftest.c >&5
configure:8602: $? = 0
configure:8602: result: yes
configure:8602: checking for unistd.h
configure:8602: gcc -c -g -O2  conftest.c >&5
configure:8602: $? = 0
configure:8602: result: yes
configure:8627: checking for dlfcn.h
configure:8627: gcc -c -g -O2  conftest.c >&5
configure:8627: $? = 0
configure:8627: result: yes
configure:8886: checking for objdir
configure:8902: result: .libs
configure:9166: checking if gcc supports -fno-rtti -fno-exceptions
configure:9185: gcc -c -g -O2  -fno-rtti -fno-exceptions conftest.c >&5
cc1: warning: command-line option '-fno-rtti' is valid for C++/D/ObjC++ but not for C
configure:9189: $? = 0
configure:9202: result: no
configure:9566: checking for gcc option to produce PIC
configure:9574: result: -fPIC -DPIC
configure:9582: checking if gcc PIC flag -fPIC -DPIC works
configure:9601: gcc -c -g -O2  -fPIC -DPIC -DPIC conftest.c >&5
configure:9605: $? = 0
configure:9618: result: yes
configure:9647: checking if gcc static flag -static works
configure:9676: result: yes
configure:9691: checking if gcc supports -c -o file.o
configure:9713: gcc -c -g -O2  -o out/conftest2.o conftest.c >&5
configure:9717: $? = 0
configure:9739: result: yes
configure:9747: checking if gcc supports -c -o file.o
configure:9795: result: yes
configure:9828: checking whether the gcc linker (/usr/bin/ld -m elf_x86_64) supports shared libraries
configure:11102: result: yes
configure:11139: checking whether -lc should be explicitly linked in
configure:11148: gcc -c -g -O2  conftest.c >&5
configure:11151: $? = 0
configure:11166: gcc -shared  -fPIC -DPIC conftest.o  -v -Wl,-soname -Wl,conftest -o conftest 2\>\&1 \| /usr/bin/grep  -lc  \>/dev/null 2\>\&1
configure:11169: $? = 0
configure:11183: result: no
configure:11343: checking dynamic linker characteristics
configure:11925: gcc -o conftest -g -O2   -Wl,-rpath -Wl,/foo conftest.c  >&5
configure:11925: $? = 0
configure:12176: result: GNU/Linux ld.so
configure:12298: checking how to hardcode library paths into programs
configure:12323: result: immediate
configure:12875: checking whether stripping libraries is possible
configure:12884: result: yes
configure:12926: checking if libtool supports shared libraries
configure:12928: result: yes
configure:12931: checking whether to build shared libraries
configure:12956: result: yes
configure:12959: checking whether to build static libraries
configure:12963: result: yes
configure:13088: checking for gcc
configure:13120: result: gcc
configure:13473: checking for C compiler version
configure:13482: gcc --version >&5
gcc (Ubuntu 13.3.0-6ubuntu2~24.04.1) 13.3.0
Copyright (C) 2023 Free Software Foundation, Inc.
This is free software; see the source for copying conditions.  There is NO
warranty; not even for MERCHANTABILITY or FITNESS FOR A PARTICULAR PURPOSE.

configure:13493: $? = 0
configure:13482: gcc -v >&5
Using built-in specs.
COLLECT_GCC=gcc
COLLECT_LTO_WRAPPER=/usr/libexec/gcc/x86_64-linux-gnu/13/lto-wrapper
OFFLOAD_TARGET_NAMES=nvptx-none:amdgcn-amdhsa
OFFLOAD_TARGET_DEFAULT=1
Target: x86_64-linux-gnu
Configured with: ../src/configure -v --with-pkgversion='Ubuntu 13.3.0-6ubuntu2~24.04.1' --with-bugurl=file:///usr/share/doc/gcc-13/README.Bugs --enable-languages=c,ada,c++,go,d,fortran,objc,obj-c++,m2 --prefix=/usr --with-gcc-major-version-only --program-suffix=-13 --program-prefix=x86_64-linux-gnu- --enable-shared --enable-linker-build-id --libexecdir=/usr/libexec --without-included-gettext --enable-threads=posix --libdir=/usr/lib --enable-nls --enable-bootstrap --enable-clocale=gnu --enable-libstdcxx-debug --enable-libstdcxx-time=yes --with-default-libstdcxx-abi=new --enable-libstdcxx-backtrace --enable-gnu-unique-object --disable-vtable-verify --enable-plugin --enable-default-pie --with-system-zlib --enable-libphobos-checking=release --with-target-system-zlib=auto --enable-objc-gc=auto --enable-multiarch --disable-werror --enable-cet --with-arch-32=i686 --with-abi=m64 --with-multilib-list=m32,m64,mx32 --enable-multilib --with-tune=generic --enable-offload-targets=nvptx-none=/build/gcc-13-EldibY/gcc-13-13.3.0/debian/tmp-nvptx/usr,amdgcn-amdhsa=/build/gcc-13-EldibY/gcc-13-13.3.0/debian/tmp-gcn/usr --enable-offload-defaulted --without-cuda-driver --enable-checking=release --build=x86_64-linux-gnu --host=x86_64-linux-gnu --target=x86_64-linux-gnu --with-build-config=bootstrap-lto-lean --enable-link-serialization=2
Thread model: posix
Supported LTO compression algorithms: zlib zstd
gcc version 13.3.0 (Ubuntu 13.3.0-6ubuntu2~24.04.1) 
... rest of stderr output deleted ...
configure:13493: $? = 0
configure:13482: gcc -V >&5
gcc: error: unrecognized command-line option '-V'
gcc: fatal error: no input files
compilation terminated.
configure:13493: $? = 1
configure:13482: gcc -qversion >&5
gcc: error: unrecognized command-line option '-qversion'; did you mean '--version'?
gcc: fatal error: no input files
compilation terminated.
configure:13493: $? = 1
configure:13482: gcc -version >&5
gcc: error: unrecognized command-line option '-version'
gcc: fatal error: no input files
compilation terminated.
configure:13493: $? = 1
configure:13497: checking whether the compiler supports GNU C
configure:13527: result: yes
configure:13538: checking whether gcc accepts -g
configure:13603: result: yes
configure:13623: checking for gcc option to enable C11 features
configure:13656: result: none needed
configure:13772: checking whether gcc understands -c and -o together
configure:13810: result: yes
configure:13829: checking dependency style of gcc
configure:13941: result: gcc3
configure:14025: checking for g++
configure:14046: found /usr/bin/g++
configure:14057: result: g++
configure:14084: checking for C++ compiler version
configure:14093: g++ --version >&5
g++ (Ubuntu 13.3.0-6ubuntu2~24.04.1) 13.3.0
Copyright (C) 2023 Free Software Foundation, Inc.
This is free software; see the source for copying conditions.  There is NO
warranty; not even for MERCHANTABILITY or FITNESS FOR A PARTICULAR PURPOSE.

configure:14104: $? = 0
configure:14093: g++ -v >&5
Using built-in specs.
COLLECT_GCC=g++
COLLECT_LTO_WRAPPER=/usr/libexec/gcc/x86_64-linux-gnu/13/lto-wrapper
OFFLOAD_TARGET_NAMES=nvptx-none:amdgcn-amdhsa
OFFLOAD_TARGET_DEFAULT=1
Target: x86_64-linux-gnu
Configured with: ../src/configure -v --with-pkgversion='Ubuntu 13.3.0-6ubuntu2~24.04.1' --with-bugurl=file:///usr/share/doc/gcc-13/README.Bugs --enable-languages=c,ada,c++,go,d,fortran,objc,obj-c++,m2 --prefix=/usr --with-gcc-major-version-only --program-suffix=-13 --program-prefix=x86_64-linux-gnu- --enable-shared --enable-linker-build-id --libexecdir=/usr/libexec --without-included-gettext --enable-threads=posix --libdir=/usr/lib --enable-nls --enable-bootstrap --enable-clocale=gnu --enable-libstdcxx-debug --enable-libstdcxx-time=yes --with-default-libstdcxx-abi=new --enable-libstdcxx-backtrace --enable-gnu-unique-object --disable-vtable-verify --enable-plugin --enable-default-pie --with-system-zlib --enable-libphobos-checking=release --with-target-system-zlib=auto --enable-objc-gc=auto --enable-multiarch --disable-werror --enable-cet --with-arch-32=i686 --with-abi=m64 --with-multilib-list=m32,m64,mx32 --enable-multilib --with-tune=generic --enable-offload-targets=nvptx-none=/build/gcc-13-EldibY/gcc-13-13.3.0/debian/tmp-nvptx/usr,amdgcn-amdhsa=/build/gcc-13-EldibY/gcc-13-13.3.0/debian/tmp-gcn/usr --enable-offload-defaulted --without-cuda-driver --enable-checking=release --build=x86_64-linux-gnu --host=x86_64-linux-gnu --target=x86_64-linux-gnu --with-build-config=bootstrap-lto-lean --enable-link-serialization=2
Thread model: posix
Supported LTO compression algorithms: zlib zstd
gcc version 13.3.0 (Ubuntu 13.3.0-6ubuntu2~24.04.1) 
... rest of stderr output deleted ...
configure:14104: $? = 0
configure:14093: g++ -V >&5
g++: error: unrecognized command-line option '-V'
g++: fatal error: no input files
compilation terminated.
configure:14104: $? = 1
configure:14093: g++ -qversion >&5
g++: error: unrecognized command-line option '-qversion'; did you mean '--version'?
g++: fatal error: no input files
compilation terminated.
configure:14104: $? = 1
configure:14108: checking whether the compiler supports GNU C++
configure:14128: g++ -c   conftest.cpp >&5
configure:14128: $? = 0
configure:14138: result: yes
configure:14149: checking whether g++ accepts -g
configure:14170: g++ -c -g  conftest.cpp >&5
configure:14170: $? = 0
configure:14214: result: yes
configure:14234: checking for g++ option to enable C++11 features
configure:14249: g++  -c -g -O2  conftest.cpp >&5
conftest.cpp: In function 'int main(int, char**)':
conftest.cpp:189:25: warning: empty parentheses were disambiguated as a function declaration [-Wvexing-parse]
  189 |   cxx11test::delegate d2();
      |                         ^~
conftest.cpp:189:25: note: remove parentheses to default-initialize a variable
  189 |   cxx11test::delegate d2();
      |                         ^~
      |                         --
conftest.cpp:189:25: note: or replace parentheses with braces to value-initialize a variable
configure:14249: $? = 0
configure:14267: result: none needed
configure:14333: checking dependency style of g++
configure:14445: result: gcc3
configure:14478: checking how to run the C++ preprocessor
configure:14500: g++ -E  conftest.cpp
configure:14500: $? = 0
configure:14515: g++ -E  conftest.cpp
conftest.cpp:23:10: fatal error: ac_nonexistent.h: No such file or directory
   23 | #include <ac_nonexistent.h>
      |          ^~~~~~~~~~~~~~~~~~
compilation terminated.
configure:14515: $? = 1
configure: failed program was:
| /* confdefs.h */
| #define PACKAGE_NAME "remote-debugger"
| #define PACKAGE_TARNAME "remote-debugger"
| #define PACKAGE_VERSION "1.0"
| #define PACKAGE_STRING "remote-debugger 1.0"
| #define PACKAGE_BUGREPORT "naveenkumar_hanasi@comcast.com"
| #define PACKAGE_URL ""
| #define PACKAGE "remote-debugger"
| #define VERSION "1.0"
| #define HAVE_STDIO_H 1
| #define HAVE_STDLIB_H 1
| #define HAVE_STRING_H 1
| #define HAVE_INTTYPES_H 1
| #define HAVE_STDINT_H 1
| #define HAVE_STRINGS_H 1
| #define HAVE_SYS_STAT_H 1
| #define HAVE_SYS_TYPES_H 1
| #define HAVE_UNISTD_H 1
| #define STDC_HEADERS 1
| #define HAVE_DLFCN_H 1
| #define LT_OBJDIR ".libs/"
| /* end confdefs.h.  */
| #include <ac_nonexistent.h>
configure:14542: result: g++ -E
configure:14556: g++ -E  conftest.cpp
configure:14556: $? = 0
configure:14571: g++ -E  conftest.cpp
conftest.cpp:23:10: fatal error: ac_nonexistent.h: No such file or directory
   23 | #include <ac_nonexistent.h>
      |          ^~~~~~~~~~~~~~~~~~
compilation terminated.
configure:14571: $? = 1
configure: failed program was:
| /* confdefs.h */
| #define PACKAGE_NAME "remote-debugger"
| #define PACKAGE_TARNAME "remote-debugger"
| #define PACKAGE_VERSION "1.0"
| #define PACKAGE_STRING "remote-debugger 1.0"
| #define PACKAGE_BUGREPORT "naveenkumar_hanasi@comcast.com"
| #define PACKAGE_URL ""
| #define PACKAGE "remote-debugger"
| #define VERSION "1.0"
| #define HAVE_STDIO_H 1
| #define HAVE_STDLIB_H 1
| #define HAVE_STRING_H 1
| #define HAVE_INTTYPES_H 1
| #define HAVE_STDINT_H 1
| #define HAVE_STRINGS_H 1
| #define HAVE_SYS_STAT_H 1
| #define HAVE_SYS_TYPES_H 1
| #define HAVE_UNISTD_H 1
| #define STDC_HEADERS 1
| #define HAVE_DLFCN_H 1
| #define LT_OBJDIR ".libs/"
| /* end confdefs.h.  */
| #include <ac_nonexistent.h>
configure:14736: checking for ld used by g++
configure:14804: result: /usr/bin/ld -m elf_x86_64
configure:14811: checking if the linker (/usr/bin/ld -m elf_x86_64) is GNU ld
configure:14827: result: yes
configure:14882: checking whether the g++ linker (/usr/bin/ld -m elf_x86_64) supports shared libraries
configure:15960: result: yes
configure:15996: g++ -c -g -O2  conftest.cpp >&5
configure:15999: $? = 0
configure:16480: checking for g++ option to produce PIC
configure:16488: result: -fPIC -DPIC
configure:16496: checking if g++ PIC flag -fPIC -DPIC works
configure:16515: g++ -c -g -O2  -fPIC -DPIC -DPIC conftest.cpp >&5
configure:16519: $? = 0
configure:16532: result: yes
configure:16555: checking if g++ static flag -static works
configure:16584: result: yes
configure:16596: checking if g++ supports -c -o file.o
configure:16618: g++ -c -g -O2  -o out/conftest2.o conftest.cpp >&5
configure:16622: $? = 0
configure:16644: result: yes
configure:16649: checking if g++ supports -c -o file.o
configure:16697: result: yes
configure:16727: checking whether the g++ linker (/usr/bin/ld -m elf_x86_64) supports shared libraries
configure:16770: result: yes
configure:16912: checking dynamic linker characteristics
configure:17672: result: GNU/Linux ld.so
configure:17737: checking how to hardcode library paths into programs
configure:17762: result: immediate
configure:17865: checking for pkg-config
configure:17888: found /usr/bin/pkg-config
configure:17900: result: /usr/bin/pkg-config
configure:17925: checking pkg-config is at least version 0.9.0
configure:17928: result: yes
configure:17938: checking for libcjson >= 1.7.0
configure:17945: $PKG_CONFIG --exists --print-errors "libcjson >= 1.7.0"
Package libcjson was not found in the pkg-config search path.
Perhaps you should add the directory containing `libcjson.pc'
to the PKG_CONFIG_PATH environment variable
Package 'libcjson', required by 'virtual:world', not found
configure:17948: $? = 1
configure:17962: $PKG_CONFIG --exists --print-errors "libcjson >= 1.7.0"
Package libcjson was not found in the pkg-config search path.
Perhaps you should add the directory containing `libcjson.pc'
to the PKG_CONFIG_PATH environment variable
Package 'libcjson', required by 'virtual:world', not found
configure:17965: $? = 1
configure:17979: result: no
Package 'libcjson', required by 'virtual:world', not found
configure:17995: error: Package requirements (libcjson >= 1.7.0) were not met:

Package 'libcjson', required by 'virtual:world', not found

Consider adjusting the PKG_CONFIG_PATH environment variable if you
installed software in a non-standard prefix.

Alternatively, you may set the environment variables CJSON_CFLAGS
and CJSON_LIBS to avoid the need to call pkg-config.
See the pkg-config man page for more details.

## ---------------- ##
## Cache variables. ##
## ---------------- ##

ac_cv_build=x86_64-pc-linux-gnu
ac_cv_c_compiler_gnu=yes
ac_cv_cxx_compiler_gnu=yes
ac_cv_env_CCC_set=
ac_cv_env_CCC_value=
ac_cv_env_CC_set=
ac_cv_env_CC_value=
ac_cv_env_CFLAGS_set=
ac_cv_env_CFLAGS_value=
ac_cv_env_CJSON_CFLAGS_set=
ac_cv_env_CJSON_CFLAGS_value=
ac_cv_env_CJSON_LIBS_set=
ac_cv_env_CJSON_LIBS_value=
ac_cv_env_CPPFLAGS_set=
ac_cv_env_CPPFLAGS_value=
ac_cv_env_CXXCPP_set=
ac_cv_env_CXXCPP_value=
ac_cv_env_CXXFLAGS_set=
ac_cv_env_CXXFLAGS_value=
ac_cv_env_CXX_set=
ac_cv_env_CXX_value=
ac_cv_env_LDFLAGS_set=
ac_cv_env_LDFLAGS_value=
ac_cv_env_LIBS_set=
ac_cv_env_LIBS_value=
ac_cv_env_LT_SYS_LIBRARY_PATH_set=
ac_cv_env_LT_SYS_LIBRARY_PATH_value=
ac_cv_env_PKG_CONFIG_LIBDIR_set=
ac_cv_env_PKG_CONFIG_LIBDIR_value=
ac_cv_env_PKG_CONFIG_PATH_set=
ac_cv_env_PKG_CONFIG_PATH_value=
ac_cv_env_PKG_CONFIG_set=
ac_cv_env_PKG_CONFIG_value=
ac_cv_env_build_alias_set=
ac_cv_env_build_alias_value=
ac_cv_env_host_alias_set=
ac_cv_env_host_alias_value=
ac_cv_env_target_alias_set=
ac_cv_env_target_alias_value=
ac_cv_header_dlfcn_h=yes
ac_cv_header_inttypes_h=yes
ac_cv_header_stdint_h=yes
ac_cv_header_stdio_h=yes
ac_cv_header_stdlib_h=yes
ac_cv_header_string_h=yes
ac_cv_header_strings_h=yes
ac_cv_header_sys_stat_h=yes
ac_cv_header_sys_types_h=yes
ac_cv_header_unistd_h=yes
ac_cv_host=x86_64-pc-linux-gnu
ac_cv_objext=o
ac_cv_path_EGREP='/usr/bin/grep -E'
ac_cv_path_FGREP='/usr/bin/grep -F'
ac_cv_path_GREP=/usr/bin/grep
ac_cv_path_SED=/usr/bin/sed
ac_cv_path_ac_pt_PKG_CONFIG=/usr/bin/pkg-config
ac_cv_path_install='/usr/bin/install -c'
ac_cv_path_lt_DD=/usr/bin/dd
ac_cv_path_mkdir=/usr/bin/mkdir
ac_cv_prog_AWK=gawk
ac_cv_prog_CXXCPP='g++ -E'
ac_cv_prog_ac_ct_AR=ar
ac_cv_prog_ac_ct_CC=gcc
ac_cv_prog_ac_ct_CXX=g++
ac_cv_prog_ac_ct_FILECMD=file
ac_cv_prog_ac_ct_MANIFEST_TOOL=mt
ac_cv_prog_ac_ct_OBJDUMP=objdump
ac_cv_prog_ac_ct_RANLIB=ranlib
ac_cv_prog_ac_ct_STRIP=strip
ac_cv_prog_cc_c11=
ac_cv_prog_cc_g=yes
ac_cv_prog_cc_stdc=
ac_cv_prog_cxx_cxx11=
ac_cv_prog_cxx_g=yes
ac_cv_prog_cxx_stdcxx=
ac_cv_prog_make_make_set=yes
am_cv_CC_dependencies_compiler_type=gcc3
am_cv_CXX_dependencies_compiler_type=gcc3
am_cv_make_support_nested_variables=yes
am_cv_prog_cc_c_o=yes
lt_cv_ar_at_file=@
lt_cv_archive_cmds_need_lc=no
lt_cv_deplibs_check_method=pass_all
lt_cv_file_magic_cmd='$MAGIC_CMD'
lt_cv_file_magic_test_file=
lt_cv_ld_reload_flag=-r
lt_cv_nm_interface='BSD nm'
lt_cv_objdir=.libs
lt_cv_path_LD=/usr/bin/ld
lt_cv_path_LDCXX='/usr/bin/ld -m elf_x86_64'
lt_cv_path_NM='/usr/bin/nm -B'
lt_cv_path_mainfest_tool=no
lt_cv_prog_compiler_c_o=yes
lt_cv_prog_compiler_c_o_CXX=yes
lt_cv_prog_compiler_pic='-fPIC -DPIC'
lt_cv_prog_compiler_pic_CXX='-fPIC -DPIC'
lt_cv_prog_compiler_pic_works=yes
lt_cv_prog_compiler_pic_works_CXX=yes
lt_cv_prog_compiler_rtti_exceptions=no
lt_cv_prog_compiler_static_works=yes
lt_cv_prog_compiler_static_works_CXX=yes
lt_cv_prog_gnu_ld=yes
lt_cv_prog_gnu_ldcxx=yes
lt_cv_sharedlib_from_linklib_cmd='printf %s\n'
lt_cv_shlibpath_overrides_runpath=yes
lt_cv_sys_global_symbol_pipe='/usr/bin/sed -n -e '\''s/^.*[	 ]\([ABCDGIRSTW][ABCDGIRSTW]*\)[	 ][	 ]*\([_A-Za-z][_A-Za-z0-9]*\)$/\1 \2 \2/p'\'' | /usr/bin/sed '\''/ __gnu_lto/d'\'''
lt_cv_sys_global_symbol_to_c_name_address='/usr/bin/sed -n -e '\''s/^: \(.*\) .*$/  {"\1", (void *) 0},/p'\'' -e '\''s/^[ABCDGIRSTW][ABCDGIRSTW]* .* \(.*\)$/  {"\1", (void *) \&\1},/p'\'''
lt_cv_sys_global_symbol_to_c_name_address_lib_prefix='/usr/bin/sed -n -e '\''s/^: \(.*\) .*$/  {"\1", (void *) 0},/p'\'' -e '\''s/^[ABCDGIRSTW][ABCDGIRSTW]* .* \(lib.*\)$/  {"\1", (void *) \&\1},/p'\'' -e '\''s/^[ABCDGIRSTW][ABCDGIRSTW]* .* \(.*\)$/  {"lib\1", (void *) \&\1},/p'\'''
lt_cv_sys_global_symbol_to_cdecl='/usr/bin/sed -n -e '\''s/^T .* \(.*\)$/extern int \1();/p'\'' -e '\''s/^[ABCDGIRSTW][ABCDGIRSTW]* .* \(.*\)$/extern char \1;/p'\'''
lt_cv_sys_global_symbol_to_import=
lt_cv_sys_max_cmd_len=3145728
lt_cv_to_host_file_cmd=func_convert_file_noop
lt_cv_to_tool_file_cmd=func_convert_file_noop
lt_cv_truncate_bin='/usr/bin/dd bs=4096 count=1'

## ----------------- ##
## Output variables. ##
## ----------------- ##

ACLOCAL='${SHELL} '\''/home/runner/work/remote_debugger/remote_debugger/missing'\'' aclocal-1.16'
AMDEPBACKSLASH='\'
AMDEP_FALSE='#'
AMDEP_TRUE=''
AMTAR='$${TAR-tar}'
AM_BACKSLASH='\'
AM_DEFAULT_V='$(AM_DEFAULT_VERBOSITY)'
AM_DEFAULT_VERBOSITY='1'
AM_V='$(V)'
AR='ar'
AUTOCONF='${SHELL} '\''/home/runner/work/remote_debugger/remote_debugger/missing'\'' autoconf'
AUTOHEADER='${SHELL} '\''/home/runner/work/remote_debugger/remote_debugger/missing'\'' autoheader'
AUTOMAKE='${SHELL} '\''/home/runner/work/remote_debugger/remote_debugger/missing'\'' automake-1.16'
AWK='gawk'
CC='gcc'
CCDEPMODE='depmode=gcc3'
CFLAGS='-g -O2'
CJSON_CFLAGS=''
CJSON_LIBS=''
CPPFLAGS=''
CSCOPE='cscope'
CTAGS='ctags'
CXX='g++'
CXXCPP='g++ -E'
CXXDEPMODE='depmode=gcc3'
CXXFLAGS='-g -O2'
CYGPATH_W='echo'
DEFS=''
DEPDIR='.deps'
DLLTOOL='false'
DSYMUTIL=''
DUMPBIN=''
ECHO_C=''
ECHO_N='-n'
ECHO_T=''
EGREP='/usr/bin/grep -E'
ETAGS='etags'
EXEEXT=''
FGREP='/usr/bin/grep -F'
FILECMD='file'
GREP='/usr/bin/grep'
GTEST_ENABLE_FLAG=''
IARMBUS_ENABLE_FALSE=''
IARMBUS_ENABLE_TRUE=''
INSTALL_DATA='${INSTALL} -m 644'
INSTALL_PROGRAM='${INSTALL}'
INSTALL_SCRIPT='${INSTALL}'
INSTALL_STRIP_PROGRAM='$(install_sh) -c -s'
LD='/usr/bin/ld -m elf_x86_64'
LDFLAGS=''
LIBOBJS=''
LIBS=''
LIBTOOL='$(SHELL) $(top_builddir)/libtool'
LIPO=''
LN_S='ln -s'
LTLIBOBJS=''
LT_SYS_LIBRARY_PATH=''
MAKEINFO='${SHELL} '\''/home/runner/work/remote_debugger/remote_debugger/missing'\'' makeinfo'
MANIFEST_TOOL=':'
MKDIR_P='/usr/bin/mkdir -p'
NM='/usr/bin/nm -B'
NMEDIT=''
OBJDUMP='objdump'
OBJEXT='o'
OTOOL64=''
OTOOL=''
PACKAGE='remote-debugger'
PACKAGE_BUGREPORT='naveenkumar_hanasi@comcast.com'
PACKAGE_NAME='remote-debugger'
PACKAGE_STRING='remote-debugger 1.0'
PACKAGE_TARNAME='remote-debugger'
PACKAGE_URL=''
PACKAGE_VERSION='1.0'
PATH_SEPARATOR=':'
PKG_CONFIG='/usr/bin/pkg-config'
PKG_CONFIG_LIBDIR=''
PKG_CONFIG_PATH=''
RANLIB='ranlib'
SED='/usr/bin/sed'
SET_MAKE=''
SHELL='/bin/bash'
STRIP='strip'
VERSION='1.0'
WITH_GTEST_SUPPORT_FALSE=''
WITH_GTEST_SUPPORT_TRUE='#'
ac_ct_AR='ar'
ac_ct_CC='gcc'
ac_ct_CXX='g++'
ac_ct_DUMPBIN=''
am__EXEEXT_FALSE=''
am__EXEEXT_TRUE=''
am__fastdepCC_FALSE='#'
am__fastdepCC_TRUE=''
am__fastdepCXX_FALSE='#'
am__fastdepCXX_TRUE=''
am__include='include'
am__isrc=''
am__leading_dot='.'
am__nodep='_no'
am__quote=''
am__tar='$${TAR-tar} chof - "$$tardir"'
am__untar='$${TAR-tar} xf -'
bindir='${exec_prefix}/bin'
build='x86_64-pc-linux-gnu'
build_alias=''
build_cpu='x86_64'
build_os='linux-gnu'
build_vendor='pc'
datadir='${datarootdir}'
datarootdir='${prefix}/share'
docdir='${datarootdir}/doc/${PACKAGE_TARNAME}'
dvidir='${docdir}'
exec_prefix='NONE'
host='x86_64-pc-linux-gnu'
host_alias=''
host_cpu='x86_64'
host_os='linux-gnu'
host_vendor='pc'
htmldir='${docdir}'
includedir='${prefix}/include'
infodir='${datarootdir}/info'
install_sh='${SHELL} /home/runner/work/remote_debugger/remote_debugger/install-sh'
libdir='${exec_prefix}/lib'
libexecdir='${exec_prefix}/libexec'
localedir='${datarootdir}/locale'
localstatedir='${prefix}/var'
mandir='${datarootdir}/man'
mkdir_p='$(MKDIR_P)'
oldincludedir='/usr/include'
pdfdir='${docdir}'
prefix='NONE'
program_transform_name='s,x,x,'
psdir='${docdir}'
runstatedir='${localstatedir}/run'
sbindir='${exec_prefix}/sbin'
sharedstatedir='${prefix}/com'
sysconfdir='${prefix}/etc'
target_alias=''

## ----------- ##
## confdefs.h. ##
## ----------- ##

/* confdefs.h */
#define PACKAGE_NAME "remote-debugger"
#define PACKAGE_TARNAME "remote-debugger"
#define PACKAGE_VERSION "1.0"
#define PACKAGE_STRING "remote-debugger 1.0"
#define PACKAGE_BUGREPORT "naveenkumar_hanasi@comcast.com"
#define PACKAGE_URL ""
#define PACKAGE "remote-debugger"
#define VERSION "1.0"
#define HAVE_STDIO_H 1
#define HAVE_STDLIB_H 1
#define HAVE_STRING_H 1
#define HAVE_INTTYPES_H 1
#define HAVE_STDINT_H 1
#define HAVE_STRINGS_H 1
#define HAVE_SYS_STAT_H 1
#define HAVE_SYS_TYPES_H 1
#define HAVE_UNISTD_H 1
#define STDC_HEADERS 1
#define HAVE_DLFCN_H 1
#define LT_OBJDIR ".libs/"

configure: exit 1
